<?xml version="1.0" encoding="UTF-8"?>
<testsuite name="LibraryTest" tests="1" skipped="0" failures="0" errors="0" timestamp="2017-04-02T22:12:22" hostname="whizz-PC" time="0.074">
  <properties/>
  <testcase name="testSomeLibraryMethod" classname="LibraryTest" time="0.074"/>
  <system-out><![CDATA[]]></system-out>
  <system-err><![CDATA[]]></system-err>
</testsuite>
